<?xml version="1.0" encoding="UTF-8"?>
<!-- Generated by org.testng.reporters.JUnitReportReporter -->
<testsuite hostname="DESKTOP-U76KVEG" name="sauceDemoTestNgTest.EndToEndTesting" tests="5" failures="0" timestamp="17 Mar 2023 12:20:53 GMT" time="1.924" errors="0">
  <testcase name="testCheckOutStepOne" time="0.454" classname="sauceDemoTestNgTest.EndToEndTesting"/>
  <testcase name="testLogin" time="0.979" classname="sauceDemoTestNgTest.EndToEndTesting"/>
  <testcase name="testInventory" time="0.291" classname="sauceDemoTestNgTest.EndToEndTesting"/>
  <testcase name="testCheckOutStepTwo" time="0.104" classname="sauceDemoTestNgTest.EndToEndTesting"/>
  <testcase name="testCartPage" time="0.096" classname="sauceDemoTestNgTest.EndToEndTesting"/>
</testsuite> <!-- sauceDemoTestNgTest.EndToEndTesting -->
